=== NETEM collect-only start 2026-04-20T09:36:29+08:00 ===
[preflight] docker restart eth_simulation
eth_simulation
[collect] ED-MAIN-NETEM tc_netem tier=mid run=0
[skip] existing run manifest: /home/ly/project/Topology_optimization_1/results/raw/eth_docker/ED-MAIN-NETEM/run-000/run_manifest.json
[collect] ED-MAIN-NETEM tc_netem tier=mid run=1
[skip] existing run manifest: /home/ly/project/Topology_optimization_1/results/raw/eth_docker/ED-MAIN-NETEM/run-001/run_manifest.json
[collect] ED-MAIN-NETEM tc_netem tier=mid run=2
[skip] existing run manifest: /home/ly/project/Topology_optimization_1/results/raw/eth_docker/ED-MAIN-NETEM/run-002/run_manifest.json
[collect] ED-MAIN-NETEM tc_netem tier=mid run=3
[skip] existing run manifest: /home/ly/project/Topology_optimization_1/results/raw/eth_docker/ED-MAIN-NETEM/run-003/run_manifest.json
[collect] ED-MAIN-NETEM tc_netem tier=mid run=4
[skip] existing run manifest: /home/ly/project/Topology_optimization_1/results/raw/eth_docker/ED-MAIN-NETEM/run-004/run_manifest.json
[collect] ED-MAIN-NETEM tc_netem tier=mid run=5
[skip] existing run manifest: /home/ly/project/Topology_optimization_1/results/raw/eth_docker/ED-MAIN-NETEM/run-005/run_manifest.json
[collect] ED-MAIN-NETEM tc_netem tier=mid run=6
[skip] existing run manifest: /home/ly/project/Topology_optimization_1/results/raw/eth_docker/ED-MAIN-NETEM/run-006/run_manifest.json
[collect] ED-MAIN-NETEM tc_netem tier=mid run=7
[skip] existing run manifest: /home/ly/project/Topology_optimization_1/results/raw/eth_docker/ED-MAIN-NETEM/run-007/run_manifest.json
[collect] ED-MAIN-NETEM tc_netem tier=mid run=8
[skip] existing run manifest: /home/ly/project/Topology_optimization_1/results/raw/eth_docker/ED-MAIN-NETEM/run-008/run_manifest.json
[collect] ED-MAIN-NETEM tc_netem tier=mid run=9
[skip] existing run manifest: /home/ly/project/Topology_optimization_1/results/raw/eth_docker/ED-MAIN-NETEM/run-009/run_manifest.json
[collect] ED-MAIN-NETEM tc_netem tier=mid run=10
[skip] existing run manifest: /home/ly/project/Topology_optimization_1/results/raw/eth_docker/ED-MAIN-NETEM/run-010/run_manifest.json
[collect] ED-MAIN-NETEM tc_netem tier=mid run=11
[skip] existing run manifest: /home/ly/project/Topology_optimization_1/results/raw/eth_docker/ED-MAIN-NETEM/run-011/run_manifest.json
[collect] ED-MAIN-NETEM tc_netem tier=mid run=12
[tc_netem] wan/apply attempt 1/32 target=as101brd-router0-10.101.0.254 iface=ix51 timeout_s=240
[collect] ED-MAIN-NETEM tc_netem tier=mid run=13
[tc_netem] wan/apply attempt 1/32 target=as101brd-router0-10.101.0.254 iface=ix51 timeout_s=240
[collect] ED-MAIN-NETEM tc_netem tier=mid run=14
[tc_netem] wan/apply attempt 1/32 target=as101brd-router0-10.101.0.254 iface=ix51 timeout_s=240
[collect] ED-MAIN-NETEM tc_netem tier=mid run=15
[tc_netem] wan/apply attempt 1/32 target=as101brd-router0-10.101.0.254 iface=ix51 timeout_s=240
[collect] ED-MAIN-NETEM tc_netem tier=mid run=16
[tc_netem] wan/apply attempt 1/32 target=as101brd-router0-10.101.0.254 iface=ix51 timeout_s=240
[collect] ED-MAIN-NETEM tc_netem tier=mid run=17
[tc_netem] wan/apply attempt 1/32 target=as101brd-router0-10.101.0.254 iface=ix51 timeout_s=240
[collect] ED-MAIN-NETEM tc_netem tier=mid run=18
[tc_netem] wan/apply attempt 1/32 target=as101brd-router0-10.101.0.254 iface=ix51 timeout_s=240
[collect] ED-MAIN-NETEM tc_netem tier=mid run=19
[tc_netem] wan/apply attempt 1/32 target=as101brd-router0-10.101.0.254 iface=ix51 timeout_s=240
collection done
