[wait-post-resume] 2026-04-19T13:15:43+08:00 waiting for resume/LINK/NETEM collectors...
[wait-post-resume] 2026-04-19T13:15:43+08:00 collectors still running...
[wait-post-resume] 2026-04-19T13:16:28+08:00 collectors still running...
[wait-post-resume] 2026-04-19T13:17:13+08:00 collectors still running...
[wait-post-resume] 2026-04-19T13:17:58+08:00 collectors still running...
[wait-post-resume] 2026-04-19T13:18:43+08:00 collectors still running...
[wait-post-resume] 2026-04-19T13:19:28+08:00 collectors still running...
[wait-post-resume] 2026-04-19T13:20:13+08:00 collectors still running...
[wait-post-resume] 2026-04-19T13:20:58+08:00 collectors still running...
[wait-post-resume] 2026-04-19T13:21:43+08:00 collectors still running...
[wait-post-resume] 2026-04-19T13:22:28+08:00 collectors still running...
[wait-post-resume] 2026-04-19T13:23:13+08:00 collectors still running...
[wait-post-resume] 2026-04-19T13:23:58+08:00 collectors still running...
[wait-post-resume] 2026-04-19T13:24:43+08:00 collectors still running...
[wait-post-resume] 2026-04-19T13:25:28+08:00 collectors still running...
[wait-post-resume] 2026-04-19T13:26:13+08:00 collectors still running...
[wait-post-resume] 2026-04-19T13:26:58+08:00 collectors still running...
[wait-post-resume] 2026-04-19T13:27:43+08:00 collectors still running...
[wait-post-resume] 2026-04-19T13:28:28+08:00 collectors still running...
[wait-post-resume] 2026-04-19T13:29:13+08:00 collectors still running...
[wait-post-resume] 2026-04-19T13:29:58+08:00 collectors still running...
[wait-post-resume] 2026-04-19T13:30:44+08:00 collectors still running...
[wait-post-resume] 2026-04-19T13:31:29+08:00 collectors still running...
[wait-post-resume] 2026-04-19T13:32:14+08:00 collectors still running...
[wait-post-resume] 2026-04-19T13:32:59+08:00 collectors still running...
[wait-post-resume] 2026-04-19T13:33:44+08:00 collectors still running...
[wait-post-resume] 2026-04-19T13:34:29+08:00 collectors still running...
[wait-post-resume] 2026-04-19T13:35:14+08:00 collectors still running...
[wait-post-resume] 2026-04-19T13:35:59+08:00 collectors still running...
[wait-post-resume] 2026-04-19T13:36:44+08:00 collectors still running...
[wait-post-resume] 2026-04-19T13:37:29+08:00 collectors still running...
[wait-post-resume] 2026-04-19T13:38:14+08:00 collectors still running...
[wait-post-resume] 2026-04-19T13:38:59+08:00 collectors still running...
[wait-post-resume] 2026-04-19T13:39:44+08:00 collectors still running...
[wait-post-resume] 2026-04-19T13:40:29+08:00 collectors still running...
[wait-post-resume] 2026-04-19T13:41:14+08:00 collectors still running...
[wait-post-resume] 2026-04-19T13:41:59+08:00 collectors still running...
[wait-post-resume] 2026-04-19T13:42:44+08:00 collectors still running...
[wait-post-resume] 2026-04-19T13:43:29+08:00 collectors still running...
[wait-post-resume] 2026-04-19T13:44:14+08:00 collectors still running...
[wait-post-resume] 2026-04-19T13:44:59+08:00 collectors still running...
[wait-post-resume] 2026-04-19T13:45:44+08:00 collectors still running...
[wait-post-resume] 2026-04-19T13:46:29+08:00 collectors still running...
[wait-post-resume] 2026-04-19T13:47:14+08:00 collectors still running...
[wait-post-resume] 2026-04-19T13:47:59+08:00 collectors still running...
[wait-post-resume] 2026-04-19T13:48:44+08:00 collectors still running...
[wait-post-resume] 2026-04-19T13:49:29+08:00 collectors still running...
[wait-post-resume] 2026-04-19T13:50:14+08:00 collectors still running...
[wait-post-resume] 2026-04-19T13:50:59+08:00 collectors still running...
[wait-post-resume] 2026-04-19T13:51:44+08:00 collectors still running...
[wait-post-resume] 2026-04-19T13:52:29+08:00 collectors still running...
[wait-post-resume] 2026-04-19T13:53:14+08:00 collectors still running...
[wait-post-resume] 2026-04-19T13:53:59+08:00 collectors still running...
[wait-post-resume] 2026-04-19T13:54:44+08:00 collectors still running...
[wait-post-resume] 2026-04-19T13:55:29+08:00 collectors still running...
[wait-post-resume] 2026-04-19T13:56:14+08:00 collectors still running...
[wait-post-resume] 2026-04-19T13:56:59+08:00 collectors still running...
[wait-post-resume] 2026-04-19T13:57:44+08:00 collectors still running...
[wait-post-resume] 2026-04-19T13:58:29+08:00 collectors still running...
[wait-post-resume] 2026-04-19T13:59:14+08:00 collectors still running...
[wait-post-resume] 2026-04-19T13:59:59+08:00 collectors still running...
[wait-post-resume] 2026-04-19T14:00:44+08:00 collectors still running...
[wait-post-resume] 2026-04-19T14:01:29+08:00 collectors still running...
[wait-post-resume] 2026-04-19T14:02:14+08:00 collectors still running...
[wait-post-resume] 2026-04-19T14:02:59+08:00 collectors still running...
[wait-post-resume] 2026-04-19T14:03:44+08:00 collectors still running...
[wait-post-resume] 2026-04-19T14:04:29+08:00 collectors still running...
[wait-post-resume] 2026-04-19T14:05:14+08:00 collectors still running...
[wait-post-resume] 2026-04-19T14:05:59+08:00 collectors still running...
[wait-post-resume] 2026-04-19T14:06:44+08:00 collectors still running...
[wait-post-resume] 2026-04-19T14:07:29+08:00 collectors still running...
[wait-post-resume] 2026-04-19T14:08:14+08:00 collectors still running...
[wait-post-resume] 2026-04-19T14:08:59+08:00 collectors still running...
[wait-post-resume] 2026-04-19T14:09:44+08:00 collectors still running...
[wait-post-resume] 2026-04-19T14:10:29+08:00 collectors still running...
[wait-post-resume] 2026-04-19T14:11:14+08:00 collectors still running...
[wait-post-resume] 2026-04-19T14:11:59+08:00 collectors still running...
[wait-post-resume] 2026-04-19T14:12:44+08:00 collectors still running...
[wait-post-resume] 2026-04-19T14:13:30+08:00 collectors still running...
[wait-post-resume] 2026-04-19T14:14:15+08:00 collectors still running...
[wait-post-resume] 2026-04-19T14:15:00+08:00 collectors still running...
[wait-post-resume] 2026-04-19T14:15:45+08:00 collectors still running...
[wait-post-resume] 2026-04-19T14:16:30+08:00 collectors still running...
[wait-post-resume] 2026-04-19T14:17:15+08:00 collectors still running...
[wait-post-resume] 2026-04-19T14:18:00+08:00 collectors still running...
[wait-post-resume] 2026-04-19T14:18:45+08:00 collectors still running...
[wait-post-resume] 2026-04-19T14:19:30+08:00 collectors still running...
[wait-post-resume] 2026-04-19T14:20:15+08:00 collectors still running...
[wait-post-resume] 2026-04-19T14:21:00+08:00 collectors still running...
[wait-post-resume] 2026-04-19T14:21:45+08:00 collectors still running...
[wait-post-resume] 2026-04-19T14:22:30+08:00 collectors still running...
[wait-post-resume] 2026-04-19T14:23:15+08:00 collectors still running...
[wait-post-resume] 2026-04-19T14:24:00+08:00 collectors still running...
[wait-post-resume] 2026-04-19T14:24:45+08:00 collectors still running...
[wait-post-resume] 2026-04-19T14:25:30+08:00 collectors still running...
[wait-post-resume] 2026-04-19T14:26:15+08:00 collectors still running...
[wait-post-resume] 2026-04-19T14:27:00+08:00 collectors still running...
[wait-post-resume] 2026-04-19T14:27:45+08:00 collectors still running...
[wait-post-resume] 2026-04-19T14:28:30+08:00 collectors still running...
[wait-post-resume] 2026-04-19T14:29:15+08:00 collectors still running...
[wait-post-resume] 2026-04-19T14:30:00+08:00 collectors still running...
[wait-post-resume] 2026-04-19T14:30:45+08:00 collectors still running...
[wait-post-resume] 2026-04-19T14:31:30+08:00 collectors still running...
[wait-post-resume] 2026-04-19T14:32:15+08:00 collectors still running...
[wait-post-resume] 2026-04-19T14:33:00+08:00 collectors still running...
[wait-post-resume] 2026-04-19T14:33:45+08:00 collectors still running...
[wait-post-resume] 2026-04-19T14:34:30+08:00 collectors still running...
[wait-post-resume] 2026-04-19T14:35:15+08:00 collectors still running...
[wait-post-resume] 2026-04-19T14:36:00+08:00 collectors still running...
[wait-post-resume] 2026-04-19T14:36:45+08:00 collectors still running...
[wait-post-resume] 2026-04-19T14:37:30+08:00 collectors still running...
[wait-post-resume] 2026-04-19T14:38:15+08:00 collectors still running...
[wait-post-resume] 2026-04-19T14:39:00+08:00 collectors still running...
[wait-post-resume] 2026-04-19T14:39:45+08:00 collectors still running...
[wait-post-resume] 2026-04-19T14:40:30+08:00 collectors still running...
[wait-post-resume] 2026-04-19T14:41:15+08:00 collectors still running...
[wait-post-resume] 2026-04-19T14:42:00+08:00 collectors still running...
[wait-post-resume] 2026-04-19T14:42:45+08:00 collectors still running...
[wait-post-resume] 2026-04-19T14:43:30+08:00 collectors still running...
[wait-post-resume] 2026-04-19T14:44:15+08:00 collectors still running...
[wait-post-resume] 2026-04-19T14:45:00+08:00 collectors still running...
[wait-post-resume] 2026-04-19T14:45:45+08:00 collectors still running...
[wait-post-resume] 2026-04-19T14:46:30+08:00 collectors still running...
[wait-post-resume] 2026-04-19T14:47:15+08:00 collectors still running...
[wait-post-resume] 2026-04-19T14:48:00+08:00 collectors still running...
[wait-post-resume] 2026-04-19T14:48:45+08:00 collectors still running...
[wait-post-resume] 2026-04-19T14:49:31+08:00 collectors still running...
[wait-post-resume] 2026-04-19T14:50:16+08:00 collectors still running...
[wait-post-resume] 2026-04-19T14:51:01+08:00 collectors still running...
[wait-post-resume] 2026-04-19T14:51:46+08:00 collectors still running...
[wait-post-resume] 2026-04-19T14:52:31+08:00 collectors still running...
[wait-post-resume] 2026-04-19T14:53:16+08:00 collectors still running...
[wait-post-resume] 2026-04-19T14:54:01+08:00 collectors still running...
[wait-post-resume] 2026-04-19T14:54:46+08:00 collectors still running...
[wait-post-resume] 2026-04-19T14:55:31+08:00 collectors still running...
[wait-post-resume] 2026-04-19T14:56:16+08:00 collectors still running...
[wait-post-resume] 2026-04-19T14:57:01+08:00 collectors still running...
[wait-post-resume] 2026-04-19T14:57:46+08:00 collectors still running...
[wait-post-resume] 2026-04-19T14:58:31+08:00 collectors still running...
[wait-post-resume] 2026-04-19T14:59:16+08:00 collectors still running...
[wait-post-resume] 2026-04-19T15:00:01+08:00 collectors still running...
[wait-post-resume] 2026-04-19T15:00:46+08:00 collectors still running...
[wait-post-resume] 2026-04-19T15:01:31+08:00 collectors still running...
[wait-post-resume] 2026-04-19T15:02:16+08:00 collectors still running...
[wait-post-resume] 2026-04-19T15:03:01+08:00 collectors still running...
[wait-post-resume] 2026-04-19T15:03:46+08:00 collectors still running...
[wait-post-resume] 2026-04-19T15:04:31+08:00 collectors still running...
[wait-post-resume] 2026-04-19T15:05:16+08:00 collectors still running...
[wait-post-resume] 2026-04-19T15:06:01+08:00 collectors still running...
[wait-post-resume] 2026-04-19T15:06:46+08:00 collectors still running...
[wait-post-resume] 2026-04-19T15:07:31+08:00 collectors still running...
[wait-post-resume] 2026-04-19T15:08:16+08:00 collectors still running...
[wait-post-resume] 2026-04-19T15:09:01+08:00 collectors still running...
[wait-post-resume] 2026-04-19T15:09:46+08:00 collectors still running...
[wait-post-resume] 2026-04-19T15:10:31+08:00 collectors still running...
[wait-post-resume] 2026-04-19T15:11:16+08:00 collectors still running...
[wait-post-resume] 2026-04-19T15:12:01+08:00 collectors still running...
[wait-post-resume] 2026-04-19T15:12:46+08:00 collectors still running...
[wait-post-resume] 2026-04-19T15:13:31+08:00 collectors still running...
[wait-post-resume] 2026-04-19T15:14:16+08:00 collectors still running...
[wait-post-resume] 2026-04-19T15:15:01+08:00 collectors still running...
[wait-post-resume] 2026-04-19T15:15:46+08:00 collectors still running...
[wait-post-resume] 2026-04-19T15:16:31+08:00 collectors still running...
[wait-post-resume] 2026-04-19T15:17:16+08:00 collectors still running...
[wait-post-resume] 2026-04-19T15:18:01+08:00 collectors still running...
[wait-post-resume] 2026-04-19T15:18:46+08:00 collectors still running...
[wait-post-resume] 2026-04-19T15:19:31+08:00 collectors still running...
[wait-post-resume] 2026-04-19T15:20:16+08:00 collectors still running...
[wait-post-resume] 2026-04-19T15:21:01+08:00 collectors still running...
[wait-post-resume] 2026-04-19T15:21:46+08:00 collectors still running...
[wait-post-resume] 2026-04-19T15:22:31+08:00 collectors still running...
[wait-post-resume] 2026-04-19T15:23:16+08:00 collectors still running...
[wait-post-resume] 2026-04-19T15:24:01+08:00 collectors still running...
[wait-post-resume] 2026-04-19T15:24:46+08:00 collectors still running...
[wait-post-resume] 2026-04-19T15:25:31+08:00 collectors still running...
[wait-post-resume] 2026-04-19T15:26:16+08:00 collectors still running...
[wait-post-resume] 2026-04-19T15:27:01+08:00 collectors still running...
[wait-post-resume] 2026-04-19T15:27:46+08:00 collectors still running...
[wait-post-resume] 2026-04-19T15:28:31+08:00 collectors still running...
[wait-post-resume] 2026-04-19T15:29:16+08:00 collectors still running...
[wait-post-resume] 2026-04-19T15:30:01+08:00 collectors still running...
[wait-post-resume] 2026-04-19T15:30:46+08:00 collectors still running...
[wait-post-resume] 2026-04-19T15:31:31+08:00 collectors still running...
[wait-post-resume] 2026-04-19T15:32:17+08:00 collectors still running...
[wait-post-resume] 2026-04-19T15:33:02+08:00 collectors still running...
[wait-post-resume] 2026-04-19T15:33:47+08:00 collectors still running...
[wait-post-resume] 2026-04-19T15:34:32+08:00 collectors still running...
[wait-post-resume] 2026-04-19T15:35:17+08:00 collectors still running...
[wait-post-resume] 2026-04-19T15:36:02+08:00 collectors still running...
[wait-post-resume] 2026-04-19T15:36:47+08:00 collectors still running...
[wait-post-resume] 2026-04-19T15:37:32+08:00 collectors still running...
[wait-post-resume] 2026-04-19T15:38:17+08:00 collectors still running...
[wait-post-resume] 2026-04-19T15:39:02+08:00 collectors still running...
[wait-post-resume] 2026-04-19T15:39:47+08:00 collectors still running...
[wait-post-resume] 2026-04-19T15:40:32+08:00 collectors still running...
[wait-post-resume] 2026-04-19T15:41:17+08:00 collectors still running...
[wait-post-resume] 2026-04-19T15:42:02+08:00 collectors still running...
[wait-post-resume] 2026-04-19T15:42:47+08:00 collectors still running...
[wait-post-resume] 2026-04-19T15:43:32+08:00 collectors still running...
[wait-post-resume] 2026-04-19T15:44:17+08:00 collectors still running...
[wait-post-resume] 2026-04-19T15:45:02+08:00 collectors still running...
[wait-post-resume] 2026-04-19T15:45:47+08:00 collectors still running...
[wait-post-resume] 2026-04-19T15:46:32+08:00 collectors still running...
[wait-post-resume] 2026-04-19T15:47:17+08:00 collectors still running...
[wait-post-resume] 2026-04-19T15:48:02+08:00 collectors still running...
[wait-post-resume] 2026-04-19T15:48:47+08:00 collectors still running...
[wait-post-resume] 2026-04-19T15:49:32+08:00 collectors still running...
[wait-post-resume] 2026-04-19T15:50:17+08:00 collectors still running...
[wait-post-resume] 2026-04-19T15:51:02+08:00 collectors still running...
[wait-post-resume] 2026-04-19T15:51:47+08:00 collectors still running...
[wait-post-resume] 2026-04-19T15:52:32+08:00 collectors still running...
[wait-post-resume] 2026-04-19T15:53:17+08:00 collectors still running...
[wait-post-resume] 2026-04-19T15:54:02+08:00 collectors still running...
[wait-post-resume] 2026-04-19T15:54:47+08:00 collectors still running...
[wait-post-resume] 2026-04-19T15:55:32+08:00 collectors still running...
[wait-post-resume] 2026-04-19T15:56:17+08:00 collectors still running...
[wait-post-resume] 2026-04-19T15:57:02+08:00 collectors still running...
[wait-post-resume] 2026-04-19T15:57:47+08:00 collectors still running...
[wait-post-resume] 2026-04-19T15:58:32+08:00 collectors still running...
[wait-post-resume] 2026-04-19T15:59:17+08:00 collectors still running...
[wait-post-resume] 2026-04-19T16:00:02+08:00 collectors still running...
[wait-post-resume] 2026-04-19T16:00:47+08:00 collectors still running...
[wait-post-resume] 2026-04-19T16:01:32+08:00 collectors still running...
[wait-post-resume] 2026-04-19T16:02:17+08:00 collectors still running...
[wait-post-resume] 2026-04-19T16:03:02+08:00 collectors still running...
[wait-post-resume] 2026-04-19T16:03:47+08:00 collectors still running...
[wait-post-resume] 2026-04-19T16:04:32+08:00 collectors still running...
[wait-post-resume] 2026-04-19T16:05:17+08:00 collectors still running...
[wait-post-resume] 2026-04-19T16:06:02+08:00 collectors still running...
[wait-post-resume] 2026-04-19T16:06:47+08:00 collectors still running...
[wait-post-resume] 2026-04-19T16:07:32+08:00 collectors still running...
[wait-post-resume] 2026-04-19T16:08:17+08:00 collectors still running...
[wait-post-resume] 2026-04-19T16:09:02+08:00 collectors still running...
[wait-post-resume] 2026-04-19T16:09:47+08:00 collectors still running...
[wait-post-resume] 2026-04-19T16:10:32+08:00 collectors still running...
[wait-post-resume] 2026-04-19T16:11:17+08:00 collectors still running...
[wait-post-resume] 2026-04-19T16:12:02+08:00 collectors still running...
[wait-post-resume] 2026-04-19T16:12:47+08:00 collectors still running...
[wait-post-resume] 2026-04-19T16:13:32+08:00 collectors still running...
[wait-post-resume] 2026-04-19T16:14:17+08:00 collectors still running...
[wait-post-resume] 2026-04-19T16:15:02+08:00 collectors still running...
[wait-post-resume] 2026-04-19T16:15:48+08:00 collectors still running...
[wait-post-resume] 2026-04-19T16:16:33+08:00 collectors still running...
[wait-post-resume] 2026-04-19T16:17:18+08:00 collectors still running...
[wait-post-resume] 2026-04-19T16:18:03+08:00 collectors still running...
[wait-post-resume] 2026-04-19T16:18:48+08:00 collectors still running...
[wait-post-resume] 2026-04-19T16:19:33+08:00 collectors still running...
[wait-post-resume] 2026-04-19T16:20:18+08:00 collectors still running...
[wait-post-resume] 2026-04-19T16:21:03+08:00 collectors still running...
[wait-post-resume] 2026-04-19T16:21:48+08:00 collectors still running...
[wait-post-resume] 2026-04-19T16:22:33+08:00 collectors still running...
[wait-post-resume] 2026-04-19T16:23:18+08:00 collectors still running...
[wait-post-resume] 2026-04-19T16:24:03+08:00 collectors still running...
[wait-post-resume] 2026-04-19T16:24:48+08:00 collectors still running...
[wait-post-resume] 2026-04-19T16:25:33+08:00 collectors still running...
[wait-post-resume] 2026-04-19T16:26:18+08:00 compute_eth_docker_metrics_fast.py
[done] audit: results/raw/eth_docker/field_audit_eth_docker_n_runs_20.json
[wait-post-resume] 2026-04-19T16:26:36+08:00 aggregate_eth_docker_collected_stats.py
[warn] ED-MAIN-NETEM: found 5 runs, requested 20
/home/ly/project/Topology_optimization_1/.venv/lib/python3.12/site-packages/scipy/stats/_axis_nan_policy.py:592: RuntimeWarning: Precision loss occurred in moment calculation due to catastrophic cancellation. This occurs when the data are nearly identical. Results may be unreliable.
  res = hypotest_fun_out(*samples, **kwds)
[ok] ED-MAIN-BASE -> /home/ly/project/Topology_optimization_1/results/statistics/ED-MAIN-BASE/stats_summary.csv (1 rows)
[ok] ED-MAIN-LINK -> /home/ly/project/Topology_optimization_1/results/statistics/ED-MAIN-LINK/stats_summary.csv (3 rows)
[ok] ED-MAIN-NETEM -> /home/ly/project/Topology_optimization_1/results/statistics/ED-MAIN-NETEM/stats_summary.csv (3 rows)
